<?xml version="1.0" encoding="UTF-8"?>
<!-- Generated by org.testng.reporters.JUnitReportReporter -->
<testsuite hostname="LAPTOP-AU9BMHC3" failures="0" tests="2" name="testNGAnnotation_Flag.Flag1" time="0.028" errors="0" timestamp="2023-07-20T15:30:05 IST" skipped="0">
  <testcase classname="testNGAnnotation_Flag.Flag1" name="method1" time="0.024">
    <system-out>
      <![CDATA[method from flag1]]>
    </system-out>
  </testcase> <!-- method1 -->
  <testcase classname="testNGAnnotation_Flag.Flag1" name="method2" time="0.004">
    <system-out>
      <![CDATA[method from flag1]]>
    </system-out>
  </testcase> <!-- method2 -->
  <system-out>
    <![CDATA[method from flag1
method from flag1]]>
  </system-out>
</testsuite> <!-- testNGAnnotation_Flag.Flag1 -->
