<?xml version="1.0" encoding="UTF-8"?>
<!-- Generated by org.testng.reporters.JUnitReportReporter -->
<testsuite hostname="LAPTOP-AU9BMHC3" failures="0" tests="2" name="testNGAnnotation_Flag.AnnotationsClass" time="0.019" errors="0" timestamp="2023-07-20T13:38:00 IST" skipped="0">
  <testcase classname="testNGAnnotation_Flag.AnnotationsClass" name="method1" time="0.016">
    <system-out>
      <![CDATA[This method1 of Test Annotation]]>
    </system-out>
  </testcase> <!-- method1 -->
  <testcase classname="testNGAnnotation_Flag.AnnotationsClass" name="method10" time="0.003">
    <system-out>
      <![CDATA[After Method Annotation]]>
    </system-out>
  </testcase> <!-- method10 -->
  <system-out>
    <![CDATA[After Method Annotation
After Method Annotation
After Method Annotation
This method1 of Test Annotation
After Method Annotation
After Method Annotation
After Method Annotation
After Method Annotation
After Method Annotation
After Method Annotation
After Method Annotation]]>
  </system-out>
</testsuite> <!-- testNGAnnotation_Flag.AnnotationsClass -->
