<?xml version="1.0" encoding="UTF-8"?>
<!-- Generated by org.testng.reporters.JUnitReportReporter -->
<testsuite hostname="LAPTOP-AU9BMHC3" failures="0" tests="3" name="testNGAnnotation_Flag.GoogleSearchTestCase" time="21.900" errors="0" timestamp="2023-07-21T15:53:00 IST" skipped="0">
  <testcase classname="testNGAnnotation_Flag.GoogleSearchTestCase" name="search2" time="8.122"/>
  <testcase classname="testNGAnnotation_Flag.GoogleSearchTestCase" name="search3" time="7.930"/>
  <testcase classname="testNGAnnotation_Flag.GoogleSearchTestCase" name="search1" time="5.848"/>
</testsuite> <!-- testNGAnnotation_Flag.GoogleSearchTestCase -->
