<?xml version="1.0" encoding="UTF-8"?>
<!-- Generated by org.testng.reporters.JUnitReportReporter -->
<testsuite hostname="LAPTOP-AU9BMHC3" failures="0" tests="1" name="testNGPackage.Remo" time="0.003" errors="0" timestamp="2023-07-19T13:32:52 IST" skipped="0">
  <testcase classname="testNGPackage.Remo" name="f" time="0.003">
    <system-out>
      <![CDATA[This is demo testNG class]]>
    </system-out>
  </testcase> <!-- f -->
  <system-out>
    <![CDATA[This is demo testNG class
This is demo testNG class]]>
  </system-out>
</testsuite> <!-- testNGPackage.Remo -->
