<?xml version="1.0" encoding="UTF-8"?>
<!-- Generated by org.testng.reporters.JUnitReportReporter -->
<testsuite hostname="LAPTOP-AU9BMHC3" failures="0" tests="3" name="testNGAnnotation_Flag.Flag5" time="0.015" errors="0" timestamp="2023-07-22T15:07:42 IST" skipped="0">
  <testcase classname="testNGAnnotation_Flag.Flag5" name="createUserMethod" time="0.001"/>
  <testcase classname="testNGAnnotation_Flag.Flag5" name="logoutMethod" time="0.002"/>
  <testcase classname="testNGAnnotation_Flag.Flag5" name="loginMethod" time="0.012"/>
</testsuite> <!-- testNGAnnotation_Flag.Flag5 -->
