<?xml version="1.0" encoding="UTF-8"?>
<!-- Generated by org.testng.reporters.JUnitReportReporter -->
<testsuite hostname="LAPTOP-AU9BMHC3" failures="0" tests="8" name="testNGAnnotation_Flag.Flag4" time="0.047" errors="0" timestamp="2023-07-22T23:27:21 IST" skipped="0">
  <testcase classname="testNGAnnotation_Flag.Flag4" name="d" time="0.012"/>
  <testcase classname="testNGAnnotation_Flag.Flag4" name="f" time="0.004"/>
  <testcase classname="testNGAnnotation_Flag.Flag4" name="e" time="0.012"/>
  <testcase classname="testNGAnnotation_Flag.Flag4" name="i" time="0.005"/>
  <testcase classname="testNGAnnotation_Flag.Flag4" name="p" time="0.003"/>
  <testcase classname="testNGAnnotation_Flag.Flag4" name="k" time="0.004"/>
  <testcase classname="testNGAnnotation_Flag.Flag4" name="m" time="0.004"/>
  <testcase classname="testNGAnnotation_Flag.Flag4" name="z" time="0.003"/>
</testsuite> <!-- testNGAnnotation_Flag.Flag4 -->
