<?xml version="1.0" encoding="UTF-8"?>
<!-- Generated by org.testng.reporters.JUnitReportReporter -->
<testsuite hostname="LAPTOP-AU9BMHC3" failures="0" tests="2" name="testNGExecution.TestMethod2" time="0.026" errors="0" timestamp="2023-07-20T13:02:59 IST" skipped="0">
  <testcase classname="testNGExecution.TestMethod2" name="testMethod3" time="0.016">
    <system-out>
      <![CDATA[thread id of testMethod3 :23]]>
    </system-out>
  </testcase> <!-- testMethod3 -->
  <testcase classname="testNGExecution.TestMethod2" name="testMethod4" time="0.010">
    <system-out>
      <![CDATA[thread id of testMethod4 :23]]>
    </system-out>
  </testcase> <!-- testMethod4 -->
  <system-out>
    <![CDATA[thread id of testMethod3 :23
thread id of testMethod6 :22
thread id of testMethod2 :20
thread id of testMethod1 :19
thread id of testMethod5 :21
thread id of testMethod4 :23]]>
  </system-out>
</testsuite> <!-- testNGExecution.TestMethod2 -->
