<?xml version="1.0" encoding="UTF-8"?>
<!-- Generated by org.testng.reporters.JUnitReportReporter -->
<testsuite hostname="LAPTOP-AU9BMHC3" failures="0" tests="2" name="testNGAnnotation_Flag.Flag2" time="0.012" errors="0" timestamp="2023-07-20T15:21:16 IST" skipped="1">
  <testcase classname="testNGAnnotation_Flag.Flag2" name="method1" time="0.012">
    <system-out>
      <![CDATA[Method1 from flag2]]>
    </system-out>
  </testcase> <!-- method1 -->
  <testcase classname="testNGAnnotation_Flag.Flag2" name="method2">
    <skipped/>
  </testcase> <!-- method2 -->
  <system-out>
    <![CDATA[Method1 from flag2]]>
  </system-out>
</testsuite> <!-- testNGAnnotation_Flag.Flag2 -->
