<?xml version="1.0" encoding="UTF-8"?>
<!-- Generated by org.testng.reporters.JUnitReportReporter -->
<testsuite hostname="LAPTOP-AU9BMHC3" failures="0" tests="2" name="testNGPackage2.Demo3" time="0.006" errors="0" timestamp="2023-07-20T12:23:30 IST" skipped="0">
  <testcase classname="testNGPackage2.Demo3" name="method5" time="0.004">
    <system-out>
      <![CDATA[This is method5]]>
    </system-out>
  </testcase> <!-- method5 -->
  <testcase classname="testNGPackage2.Demo3" name="method6" time="0.002">
    <system-out>
      <![CDATA[This is method6]]>
    </system-out>
  </testcase> <!-- method6 -->
  <system-out>
    <![CDATA[This is method3
This is method4
This is method5
This is method6
This is method1
This is method2]]>
  </system-out>
</testsuite> <!-- testNGPackage2.Demo3 -->
